<?xml version="1.0" encoding="UTF-8"?>
<testng-results skipped="0" failed="0" ignored="0" total="1" passed="1">
  <reporter-output>
  </reporter-output>
  <suite name="InetBankingV1" duration-ms="58036" started-at="2020-03-11T15:33:49 IST" finished-at="2020-03-11T15:34:47 IST">
    <groups>
    </groups>
    <test name="BankingApp Test" duration-ms="58036" started-at="2020-03-11T15:33:49 IST" finished-at="2020-03-11T15:34:47 IST">
      <class name="com.inetbanking.testCases.TC_LoginTest_001">
        <test-method status="PASS" signature="setup(java.lang.String)[pri:0, instance:com.inetbanking.testCases.TC_LoginTest_001@5c3bd550]" name="setup" is-config="true" duration-ms="31770" started-at="2020-03-11T15:33:50 IST" finished-at="2020-03-11T15:34:21 IST">
          <params>
            <param index="0">
              <value>
                <![CDATA[firefox]]>
              </value>
            </param>
          </params>
          <reporter-output>
          </reporter-output>
        </test-method> <!-- setup -->
        <test-method status="PASS" signature="loginTest()[pri:0, instance:com.inetbanking.testCases.TC_LoginTest_001@5c3bd550]" name="loginTest" duration-ms="21111" started-at="2020-03-11T15:34:21 IST" finished-at="2020-03-11T15:34:42 IST">
          <reporter-output>
          </reporter-output>
        </test-method> <!-- loginTest -->
        <test-method status="PASS" signature="tearDown()[pri:0, instance:com.inetbanking.testCases.TC_LoginTest_001@5c3bd550]" name="tearDown" is-config="true" duration-ms="4287" started-at="2020-03-11T15:34:43 IST" finished-at="2020-03-11T15:34:47 IST">
          <reporter-output>
          </reporter-output>
        </test-method> <!-- tearDown -->
      </class> <!-- com.inetbanking.testCases.TC_LoginTest_001 -->
    </test> <!-- BankingApp Test -->
  </suite> <!-- InetBankingV1 -->
</testng-results>
