<?xml version="1.0" encoding="UTF-8"?>
<testng-results skipped="0" failed="0" ignored="0" total="1" passed="1">
  <reporter-output>
  </reporter-output>
  <suite name="InetBankingV1" duration-ms="112919" started-at="2020-03-11T15:35:44 IST" finished-at="2020-03-11T15:37:37 IST">
    <groups>
    </groups>
    <test name="BankingApp Test" duration-ms="112919" started-at="2020-03-11T15:35:44 IST" finished-at="2020-03-11T15:37:37 IST">
      <class name="com.inetbanking.testCases.TC_AddCustomerTest_003">
        <test-method status="PASS" signature="setup(java.lang.String)[pri:0, instance:com.inetbanking.testCases.TC_AddCustomerTest_003@17579e0f]" name="setup" is-config="true" duration-ms="30536" started-at="2020-03-11T15:35:45 IST" finished-at="2020-03-11T15:36:15 IST">
          <params>
            <param index="0">
              <value>
                <![CDATA[firefox]]>
              </value>
            </param>
          </params>
          <reporter-output>
          </reporter-output>
        </test-method> <!-- setup -->
        <test-method status="PASS" signature="addNewCustomer()[pri:0, instance:com.inetbanking.testCases.TC_AddCustomerTest_003@17579e0f]" name="addNewCustomer" duration-ms="77429" started-at="2020-03-11T15:36:15 IST" finished-at="2020-03-11T15:37:33 IST">
          <reporter-output>
          </reporter-output>
        </test-method> <!-- addNewCustomer -->
        <test-method status="PASS" signature="tearDown()[pri:0, instance:com.inetbanking.testCases.TC_AddCustomerTest_003@17579e0f]" name="tearDown" is-config="true" duration-ms="3955" started-at="2020-03-11T15:37:33 IST" finished-at="2020-03-11T15:37:37 IST">
          <reporter-output>
          </reporter-output>
        </test-method> <!-- tearDown -->
      </class> <!-- com.inetbanking.testCases.TC_AddCustomerTest_003 -->
    </test> <!-- BankingApp Test -->
  </suite> <!-- InetBankingV1 -->
</testng-results>
